Performing C++ SOURCE FILE Test CMAKE_HAVE_LIBC_PTHREAD failed with the following output:
Change Dir: /home/xyz/autolabor/build_isolated/kinect2_calibration/CMakeFiles/CMakeTmp

Run Build Command(s):/usr/bin/make cmTC_776bf/fast && /usr/bin/make -f CMakeFiles/cmTC_776bf.dir/build.make CMakeFiles/cmTC_776bf.dir/build
make[1]: Entering directory '/home/xyz/autolabor/build_isolated/kinect2_calibration/CMakeFiles/CMakeTmp'
Building CXX object CMakeFiles/cmTC_776bf.dir/src.cxx.o
/usr/bin/c++    -DBT_USE_DOUBLE_PRECISION -Wall -Wuninitialized -Winit-self -Wunused-function -Wunused-label -Wunused-variable -Wunused-but-set-variable -Wunused-but-set-parameter -Warray-bounds -Wtype-limits -Wreturn-type -Wsequence-point -Wparentheses -Wmissing-braces -Wchar-subscripts -Wswitch -Wwrite-strings -Wenum-compare -Wempty-body -Wlogical-op -std=c++11 -DCMAKE_HAVE_LIBC_PTHREAD   -o CMakeFiles/cmTC_776bf.dir/src.cxx.o -c /home/xyz/autolabor/build_isolated/kinect2_calibration/CMakeFiles/CMakeTmp/src.cxx
Linking CXX executable cmTC_776bf
/usr/bin/cmake -E cmake_link_script CMakeFiles/cmTC_776bf.dir/link.txt --verbose=1
/usr/bin/c++   -DBT_USE_DOUBLE_PRECISION -Wall -Wuninitialized -Winit-self -Wunused-function -Wunused-label -Wunused-variable -Wunused-but-set-variable -Wunused-but-set-parameter -Warray-bounds -Wtype-limits -Wreturn-type -Wsequence-point -Wparentheses -Wmissing-braces -Wchar-subscripts -Wswitch -Wwrite-strings -Wenum-compare -Wempty-body -Wlogical-op -std=c++11 -DCMAKE_HAVE_LIBC_PTHREAD    CMakeFiles/cmTC_776bf.dir/src.cxx.o  -o cmTC_776bf 
/usr/bin/ld: CMakeFiles/cmTC_776bf.dir/src.cxx.o: in function `main':
src.cxx:(.text+0x46): undefined reference to `pthread_create'
/usr/bin/ld: src.cxx:(.text+0x52): undefined reference to `pthread_detach'
/usr/bin/ld: src.cxx:(.text+0x63): undefined reference to `pthread_join'
collect2: error: ld returned 1 exit status
make[1]: *** [CMakeFiles/cmTC_776bf.dir/build.make:87: cmTC_776bf] Error 1
make[1]: Leaving directory '/home/xyz/autolabor/build_isolated/kinect2_calibration/CMakeFiles/CMakeTmp'
make: *** [Makefile:121: cmTC_776bf/fast] Error 2


Source file was:
#include <pthread.h>

void* test_func(void* data)
{
  return data;
}

int main(void)
{
  pthread_t thread;
  pthread_create(&thread, NULL, test_func, NULL);
  pthread_detach(thread);
  pthread_join(thread, NULL);
  pthread_atfork(NULL, NULL, NULL);
  pthread_exit(NULL);

  return 0;
}

Determining if the function pthread_create exists in the pthreads failed with the following output:
Change Dir: /home/xyz/autolabor/build_isolated/kinect2_calibration/CMakeFiles/CMakeTmp

Run Build Command(s):/usr/bin/make cmTC_323a5/fast && /usr/bin/make -f CMakeFiles/cmTC_323a5.dir/build.make CMakeFiles/cmTC_323a5.dir/build
make[1]: Entering directory '/home/xyz/autolabor/build_isolated/kinect2_calibration/CMakeFiles/CMakeTmp'
Building CXX object CMakeFiles/cmTC_323a5.dir/CheckFunctionExists.cxx.o
/usr/bin/c++    -DBT_USE_DOUBLE_PRECISION -Wall -Wuninitialized -Winit-self -Wunused-function -Wunused-label -Wunused-variable -Wunused-but-set-variable -Wunused-but-set-parameter -Warray-bounds -Wtype-limits -Wreturn-type -Wsequence-point -Wparentheses -Wmissing-braces -Wchar-subscripts -Wswitch -Wwrite-strings -Wenum-compare -Wempty-body -Wlogical-op -std=c++11 -DCHECK_FUNCTION_EXISTS=pthread_create   -o CMakeFiles/cmTC_323a5.dir/CheckFunctionExists.cxx.o -c /home/xyz/autolabor/build_isolated/kinect2_calibration/CMakeFiles/CheckLibraryExists/CheckFunctionExists.cxx
Linking CXX executable cmTC_323a5
/usr/bin/cmake -E cmake_link_script CMakeFiles/cmTC_323a5.dir/link.txt --verbose=1
/usr/bin/c++   -DBT_USE_DOUBLE_PRECISION -Wall -Wuninitialized -Winit-self -Wunused-function -Wunused-label -Wunused-variable -Wunused-but-set-variable -Wunused-but-set-parameter -Warray-bounds -Wtype-limits -Wreturn-type -Wsequence-point -Wparentheses -Wmissing-braces -Wchar-subscripts -Wswitch -Wwrite-strings -Wenum-compare -Wempty-body -Wlogical-op -std=c++11 -DCHECK_FUNCTION_EXISTS=pthread_create    CMakeFiles/cmTC_323a5.dir/CheckFunctionExists.cxx.o  -o cmTC_323a5  -lpthreads 
/usr/bin/ld: cannot find -lpthreads
collect2: error: ld returned 1 exit status
make[1]: *** [CMakeFiles/cmTC_323a5.dir/build.make:87: cmTC_323a5] Error 1
make[1]: Leaving directory '/home/xyz/autolabor/build_isolated/kinect2_calibration/CMakeFiles/CMakeTmp'
make: *** [Makefile:121: cmTC_323a5/fast] Error 2



